[14-Dec-2016 10:59:34 UTC] PHP Warning:  printf(): Too few arguments in /vagrant/wp-content/themes/university/inc/template-tags.php on line 26
[14-Dec-2016 10:59:34 UTC] PHP Stack trace:
[14-Dec-2016 10:59:34 UTC] PHP   1. {main}() /vagrant/index.php:0
[14-Dec-2016 10:59:34 UTC] PHP   2. require() /vagrant/index.php:17
[14-Dec-2016 10:59:34 UTC] PHP   3. require_once() /vagrant/wp-blog-header.php:19
[14-Dec-2016 10:59:34 UTC] PHP   4. include() /vagrant/wp-includes/template-loader.php:75
[14-Dec-2016 10:59:34 UTC] PHP   5. get_template_part() /vagrant/wp-content/themes/university/index.php:40
[14-Dec-2016 10:59:34 UTC] PHP   6. locate_template() /vagrant/wp-includes/general-template.php:167
[14-Dec-2016 10:59:34 UTC] PHP   7. load_template() /vagrant/wp-includes/template.php:531
[14-Dec-2016 10:59:34 UTC] PHP   8. require() /vagrant/wp-includes/template.php:574
[14-Dec-2016 10:59:34 UTC] PHP   9. twentysixteen_entry_meta() /vagrant/wp-content/themes/university/template-parts/content.php:17
[14-Dec-2016 10:59:34 UTC] PHP  10. printf() /vagrant/wp-content/themes/university/inc/template-tags.php:26
[14-Dec-2016 10:59:34 UTC] PHP Warning:  printf(): Too few arguments in /vagrant/wp-content/themes/university/inc/template-tags.php on line 26
[14-Dec-2016 10:59:34 UTC] PHP Stack trace:
[14-Dec-2016 10:59:34 UTC] PHP   1. {main}() /vagrant/index.php:0
[14-Dec-2016 10:59:34 UTC] PHP   2. require() /vagrant/index.php:17
[14-Dec-2016 10:59:34 UTC] PHP   3. require_once() /vagrant/wp-blog-header.php:19
[14-Dec-2016 10:59:34 UTC] PHP   4. include() /vagrant/wp-includes/template-loader.php:75
[14-Dec-2016 10:59:34 UTC] PHP   5. get_template_part() /vagrant/wp-content/themes/university/index.php:40
[14-Dec-2016 10:59:34 UTC] PHP   6. locate_template() /vagrant/wp-includes/general-template.php:167
[14-Dec-2016 10:59:34 UTC] PHP   7. load_template() /vagrant/wp-includes/template.php:531
[14-Dec-2016 10:59:34 UTC] PHP   8. require() /vagrant/wp-includes/template.php:574
[14-Dec-2016 10:59:34 UTC] PHP   9. twentysixteen_entry_meta() /vagrant/wp-content/themes/university/template-parts/content.php:17
[14-Dec-2016 10:59:34 UTC] PHP  10. printf() /vagrant/wp-content/themes/university/inc/template-tags.php:26
[14-Dec-2016 11:00:21 UTC] PHP Warning:  printf(): Too few arguments in /vagrant/wp-content/themes/university/inc/template-tags.php on line 26
[14-Dec-2016 11:00:21 UTC] PHP Stack trace:
[14-Dec-2016 11:00:21 UTC] PHP   1. {main}() /vagrant/index.php:0
[14-Dec-2016 11:00:21 UTC] PHP   2. require() /vagrant/index.php:17
[14-Dec-2016 11:00:21 UTC] PHP   3. require_once() /vagrant/wp-blog-header.php:19
[14-Dec-2016 11:00:21 UTC] PHP   4. include() /vagrant/wp-includes/template-loader.php:75
[14-Dec-2016 11:00:21 UTC] PHP   5. get_template_part() /vagrant/wp-content/themes/university/index.php:40
[14-Dec-2016 11:00:21 UTC] PHP   6. locate_template() /vagrant/wp-includes/general-template.php:167
[14-Dec-2016 11:00:21 UTC] PHP   7. load_template() /vagrant/wp-includes/template.php:531
[14-Dec-2016 11:00:21 UTC] PHP   8. require() /vagrant/wp-includes/template.php:574
[14-Dec-2016 11:00:21 UTC] PHP   9. twentysixteen_entry_meta() /vagrant/wp-content/themes/university/template-parts/content.php:17
[14-Dec-2016 11:00:21 UTC] PHP  10. printf() /vagrant/wp-content/themes/university/inc/template-tags.php:26
[14-Dec-2016 11:00:21 UTC] PHP Warning:  printf(): Too few arguments in /vagrant/wp-content/themes/university/inc/template-tags.php on line 26
[14-Dec-2016 11:00:21 UTC] PHP Stack trace:
[14-Dec-2016 11:00:21 UTC] PHP   1. {main}() /vagrant/index.php:0
[14-Dec-2016 11:00:21 UTC] PHP   2. require() /vagrant/index.php:17
[14-Dec-2016 11:00:21 UTC] PHP   3. require_once() /vagrant/wp-blog-header.php:19
[14-Dec-2016 11:00:21 UTC] PHP   4. include() /vagrant/wp-includes/template-loader.php:75
[14-Dec-2016 11:00:21 UTC] PHP   5. get_template_part() /vagrant/wp-content/themes/university/index.php:40
[14-Dec-2016 11:00:21 UTC] PHP   6. locate_template() /vagrant/wp-includes/general-template.php:167
[14-Dec-2016 11:00:21 UTC] PHP   7. load_template() /vagrant/wp-includes/template.php:531
[14-Dec-2016 11:00:21 UTC] PHP   8. require() /vagrant/wp-includes/template.php:574
[14-Dec-2016 11:00:21 UTC] PHP   9. twentysixteen_entry_meta() /vagrant/wp-content/themes/university/template-parts/content.php:17
[14-Dec-2016 11:00:21 UTC] PHP  10. printf() /vagrant/wp-content/themes/university/inc/template-tags.php:26
[14-Dec-2016 11:41:20 UTC] PHP Warning:  sprintf(): Too few arguments in /vagrant/wp-content/themes/university/template-parts/content.php on line 55
[14-Dec-2016 11:41:20 UTC] PHP Stack trace:
[14-Dec-2016 11:41:20 UTC] PHP   1. {main}() /vagrant/index.php:0
[14-Dec-2016 11:41:20 UTC] PHP   2. require() /vagrant/index.php:17
[14-Dec-2016 11:41:20 UTC] PHP   3. require_once() /vagrant/wp-blog-header.php:19
[14-Dec-2016 11:41:20 UTC] PHP   4. include() /vagrant/wp-includes/template-loader.php:75
[14-Dec-2016 11:41:20 UTC] PHP   5. get_template_part() /vagrant/wp-content/themes/university/index.php:40
[14-Dec-2016 11:41:20 UTC] PHP   6. locate_template() /vagrant/wp-includes/general-template.php:167
[14-Dec-2016 11:41:20 UTC] PHP   7. load_template() /vagrant/wp-includes/template.php:531
[14-Dec-2016 11:41:20 UTC] PHP   8. require() /vagrant/wp-includes/template.php:574
[14-Dec-2016 11:41:20 UTC] PHP   9. sprintf() /vagrant/wp-content/themes/university/template-parts/content.php:55
[14-Dec-2016 11:41:20 UTC] PHP Warning:  sprintf(): Too few arguments in /vagrant/wp-content/themes/university/template-parts/content.php on line 55
[14-Dec-2016 11:41:20 UTC] PHP Stack trace:
[14-Dec-2016 11:41:20 UTC] PHP   1. {main}() /vagrant/index.php:0
[14-Dec-2016 11:41:20 UTC] PHP   2. require() /vagrant/index.php:17
[14-Dec-2016 11:41:20 UTC] PHP   3. require_once() /vagrant/wp-blog-header.php:19
[14-Dec-2016 11:41:20 UTC] PHP   4. include() /vagrant/wp-includes/template-loader.php:75
[14-Dec-2016 11:41:20 UTC] PHP   5. get_template_part() /vagrant/wp-content/themes/university/index.php:40
[14-Dec-2016 11:41:20 UTC] PHP   6. locate_template() /vagrant/wp-includes/general-template.php:167
[14-Dec-2016 11:41:20 UTC] PHP   7. load_template() /vagrant/wp-includes/template.php:531
[14-Dec-2016 11:41:20 UTC] PHP   8. require() /vagrant/wp-includes/template.php:574
[14-Dec-2016 11:41:20 UTC] PHP   9. sprintf() /vagrant/wp-content/themes/university/template-parts/content.php:55
[14-Dec-2016 15:11:13 UTC] PHP Parse error:  syntax error, unexpected '}', expecting elseif (T_ELSEIF) or else (T_ELSE) or endif (T_ENDIF) in /vagrant/wp-content/themes/university/inc/template-tags.php on line 54
[14-Dec-2016 15:11:16 UTC] PHP Parse error:  syntax error, unexpected '}', expecting elseif (T_ELSEIF) or else (T_ELSE) or endif (T_ENDIF) in /vagrant/wp-content/themes/university/inc/template-tags.php on line 54
[14-Dec-2016 15:32:10 UTC] PHP Parse error:  syntax error, unexpected '');' (T_CONSTANT_ENCAPSED_STRING), expecting ',' or ')' in /vagrant/wp-content/themes/university/index.php on line 41
[18-Dec-2016 10:45:03 UTC] PHP Warning:  Произошла непредвиденная ошибка. Возможно, что-то не так с сайтом WordPress.org или с настройками вашего сервера. Если проблема не решится, обратитесь на <a href="https://ru.forums.wordpress.org/">форумы поддержки</a>. (Не удалось установить защищённое соединение с WordPress.org. Пожалуйста, свяжитесь с администратором сервера.) in /vagrant/wp-includes/update.php on line 306
[18-Dec-2016 10:45:03 UTC] PHP Stack trace:
[18-Dec-2016 10:45:03 UTC] PHP   1. {main}() /vagrant/wp-admin/plugins.php:0
[18-Dec-2016 10:45:03 UTC] PHP   2. require_once() /vagrant/wp-admin/plugins.php:10
[18-Dec-2016 10:45:03 UTC] PHP   3. do_action() /vagrant/wp-admin/admin.php:329
[18-Dec-2016 10:45:04 UTC] PHP   4. wp_update_plugins() /vagrant/wp-includes/plugin.php:524
[18-Dec-2016 10:45:04 UTC] PHP   5. trigger_error() /vagrant/wp-includes/update.php:306
